2025-12-04 23:52:14,034:WARNING:
'cuml' is a soft dependency and not included in the pycaret installation. Please run: `pip install cuml` to install.
2025-12-04 23:52:14,034:WARNING:
'cuml' is a soft dependency and not included in the pycaret installation. Please run: `pip install cuml` to install.
2025-12-04 23:52:14,034:WARNING:
'cuml' is a soft dependency and not included in the pycaret installation. Please run: `pip install cuml` to install.
2025-12-04 23:52:14,034:WARNING:
'cuml' is a soft dependency and not included in the pycaret installation. Please run: `pip install cuml` to install.
2025-12-04 23:52:53,306:WARNING:/var/folders/gs/wjbwdtds6ylb4pdpll45yhhh0000gn/T/ipykernel_41256/1839500346.py:14: FutureWarning: 

Passing `palette` without assigning `hue` is deprecated and will be removed in v0.14.0. Assign the `x` variable to `hue` and set `legend=False` for the same effect.

  sns.boxplot(data=df_amostra, x='track_genre', y=feat, ax=axes[i], palette='husl')

2025-12-04 23:52:53,337:WARNING:/var/folders/gs/wjbwdtds6ylb4pdpll45yhhh0000gn/T/ipykernel_41256/1839500346.py:14: FutureWarning: 

Passing `palette` without assigning `hue` is deprecated and will be removed in v0.14.0. Assign the `x` variable to `hue` and set `legend=False` for the same effect.

  sns.boxplot(data=df_amostra, x='track_genre', y=feat, ax=axes[i], palette='husl')

2025-12-04 23:52:53,368:WARNING:/var/folders/gs/wjbwdtds6ylb4pdpll45yhhh0000gn/T/ipykernel_41256/1839500346.py:14: FutureWarning: 

Passing `palette` without assigning `hue` is deprecated and will be removed in v0.14.0. Assign the `x` variable to `hue` and set `legend=False` for the same effect.

  sns.boxplot(data=df_amostra, x='track_genre', y=feat, ax=axes[i], palette='husl')

2025-12-04 23:52:53,398:WARNING:/var/folders/gs/wjbwdtds6ylb4pdpll45yhhh0000gn/T/ipykernel_41256/1839500346.py:14: FutureWarning: 

Passing `palette` without assigning `hue` is deprecated and will be removed in v0.14.0. Assign the `x` variable to `hue` and set `legend=False` for the same effect.

  sns.boxplot(data=df_amostra, x='track_genre', y=feat, ax=axes[i], palette='husl')

2025-12-04 23:52:53,429:WARNING:/var/folders/gs/wjbwdtds6ylb4pdpll45yhhh0000gn/T/ipykernel_41256/1839500346.py:14: FutureWarning: 

Passing `palette` without assigning `hue` is deprecated and will be removed in v0.14.0. Assign the `x` variable to `hue` and set `legend=False` for the same effect.

  sns.boxplot(data=df_amostra, x='track_genre', y=feat, ax=axes[i], palette='husl')

2025-12-04 23:52:53,459:WARNING:/var/folders/gs/wjbwdtds6ylb4pdpll45yhhh0000gn/T/ipykernel_41256/1839500346.py:14: FutureWarning: 

Passing `palette` without assigning `hue` is deprecated and will be removed in v0.14.0. Assign the `x` variable to `hue` and set `legend=False` for the same effect.

  sns.boxplot(data=df_amostra, x='track_genre', y=feat, ax=axes[i], palette='husl')

2025-12-04 23:53:01,970:INFO:PyCaret RegressionExperiment
2025-12-04 23:53:01,970:INFO:Logging name: reg-default-name
2025-12-04 23:53:01,970:INFO:ML Usecase: MLUsecase.REGRESSION
2025-12-04 23:53:01,970:INFO:version 3.3.2
2025-12-04 23:53:01,970:INFO:Initializing setup()
2025-12-04 23:53:01,970:INFO:self.USI: 0b26
2025-12-04 23:53:01,970:INFO:self._variable_keys: {'X_test', 'logging_param', 'USI', 'exp_id', 'idx', 'fold_generator', 'data', 'X', 'seed', 'y', '_available_plots', 'y_train', 'target_param', 'y_test', 'log_plots_param', 'n_jobs_param', 'exp_name_log', 'X_train', 'fold_shuffle_param', 'gpu_param', 'memory', 'html_param', 'gpu_n_jobs_param', 'fold_groups_param', 'pipeline', 'transform_target_param', '_ml_usecase'}
2025-12-04 23:53:01,970:INFO:Checking environment
2025-12-04 23:53:01,970:INFO:python_version: 3.11.14
2025-12-04 23:53:01,970:INFO:python_build: ('main', 'Dec  4 2025 23:28:31')
2025-12-04 23:53:01,970:INFO:machine: arm64
2025-12-04 23:53:01,970:INFO:platform: macOS-26.1-arm64-arm-64bit
2025-12-04 23:53:01,970:INFO:Memory: svmem(total=17179869184, available=4704796672, percent=72.6, used=7185399808, free=306593792, active=4419190784, inactive=4277567488, wired=2766209024)
2025-12-04 23:53:01,970:INFO:Physical Core: 10
2025-12-04 23:53:01,970:INFO:Logical Core: 10
2025-12-04 23:53:01,970:INFO:Checking libraries
2025-12-04 23:53:01,970:INFO:System:
2025-12-04 23:53:01,970:INFO:    python: 3.11.14 (main, Dec  4 2025, 23:28:31) [Clang 17.0.0 (clang-1700.4.4.1)]
2025-12-04 23:53:01,970:INFO:executable: /Users/gabrielmatsan/Documents/CESUPA/ml/venv/bin/python
2025-12-04 23:53:01,970:INFO:   machine: macOS-26.1-arm64-arm-64bit
2025-12-04 23:53:01,970:INFO:PyCaret required dependencies:
2025-12-04 23:54:31,504:INFO:PyCaret RegressionExperiment
2025-12-04 23:54:31,504:INFO:Logging name: reg-default-name
2025-12-04 23:54:31,504:INFO:ML Usecase: MLUsecase.REGRESSION
2025-12-04 23:54:31,504:INFO:version 3.3.2
2025-12-04 23:54:31,504:INFO:Initializing setup()
2025-12-04 23:54:31,504:INFO:self.USI: 74ba
2025-12-04 23:54:31,504:INFO:self._variable_keys: {'X_test', 'logging_param', 'USI', 'exp_id', 'idx', 'fold_generator', 'data', 'X', 'seed', 'y', '_available_plots', 'y_train', 'target_param', 'y_test', 'log_plots_param', 'n_jobs_param', 'exp_name_log', 'X_train', 'fold_shuffle_param', 'gpu_param', 'memory', 'html_param', 'gpu_n_jobs_param', 'fold_groups_param', 'pipeline', 'transform_target_param', '_ml_usecase'}
2025-12-04 23:54:31,504:INFO:Checking environment
2025-12-04 23:54:31,504:INFO:python_version: 3.11.14
2025-12-04 23:54:31,504:INFO:python_build: ('main', 'Dec  4 2025 23:28:31')
2025-12-04 23:54:31,504:INFO:machine: arm64
2025-12-04 23:54:31,504:INFO:platform: macOS-26.1-arm64-arm-64bit
2025-12-04 23:54:31,504:INFO:Memory: svmem(total=17179869184, available=4585226240, percent=73.3, used=7036944384, free=118652928, active=4483645440, inactive=4344463360, wired=2553298944)
2025-12-04 23:54:31,505:INFO:Physical Core: 10
2025-12-04 23:54:31,505:INFO:Logical Core: 10
2025-12-04 23:54:31,505:INFO:Checking libraries
2025-12-04 23:54:31,505:INFO:System:
2025-12-04 23:54:31,505:INFO:    python: 3.11.14 (main, Dec  4 2025, 23:28:31) [Clang 17.0.0 (clang-1700.4.4.1)]
2025-12-04 23:54:31,505:INFO:executable: /Users/gabrielmatsan/Documents/CESUPA/ml/venv/bin/python
2025-12-04 23:54:31,505:INFO:   machine: macOS-26.1-arm64-arm-64bit
2025-12-04 23:54:31,505:INFO:PyCaret required dependencies:
2025-12-04 23:54:32,027:INFO:                 pip: 24.0
2025-12-04 23:54:32,027:INFO:          setuptools: 79.0.1
2025-12-04 23:54:32,027:INFO:             pycaret: 3.3.2
2025-12-04 23:54:32,027:INFO:             IPython: 9.8.0
2025-12-04 23:54:32,027:INFO:          ipywidgets: 8.1.8
2025-12-04 23:54:32,027:INFO:                tqdm: 4.67.1
2025-12-04 23:54:32,027:INFO:               numpy: 1.26.4
2025-12-04 23:54:32,027:INFO:              pandas: 2.1.4
2025-12-04 23:54:32,027:INFO:              jinja2: 3.1.6
2025-12-04 23:54:32,027:INFO:               scipy: 1.11.4
2025-12-04 23:54:32,027:INFO:              joblib: 1.3.2
2025-12-04 23:54:32,027:INFO:             sklearn: 1.4.2
2025-12-04 23:54:32,027:INFO:                pyod: 2.0.6
2025-12-04 23:54:32,027:INFO:            imblearn: 0.14.0
2025-12-04 23:54:32,027:INFO:   category_encoders: 2.7.0
2025-12-04 23:54:32,027:INFO:            lightgbm: 4.6.0
2025-12-04 23:54:32,027:INFO:               numba: 0.62.1
2025-12-04 23:54:32,027:INFO:            requests: 2.32.5
2025-12-04 23:54:32,027:INFO:          matplotlib: 3.7.5
2025-12-04 23:54:32,027:INFO:          scikitplot: 0.3.7
2025-12-04 23:54:32,027:INFO:         yellowbrick: 1.5
2025-12-04 23:54:32,027:INFO:              plotly: 6.5.0
2025-12-04 23:54:32,027:INFO:    plotly-resampler: Not installed
2025-12-04 23:54:32,027:INFO:             kaleido: 1.2.0
2025-12-04 23:54:32,028:INFO:           schemdraw: 0.15
2025-12-04 23:54:32,028:INFO:         statsmodels: 0.14.5
2025-12-04 23:54:32,028:INFO:              sktime: 0.26.0
2025-12-04 23:54:32,028:INFO:               tbats: 1.1.3
2025-12-04 23:54:32,028:INFO:            pmdarima: 2.0.4
2025-12-04 23:54:32,028:INFO:              psutil: 7.1.3
2025-12-04 23:54:32,028:INFO:          markupsafe: 3.0.3
2025-12-04 23:54:32,028:INFO:             pickle5: Not installed
2025-12-04 23:54:32,028:INFO:         cloudpickle: 3.1.2
2025-12-04 23:54:32,028:INFO:         deprecation: 2.1.0
2025-12-04 23:54:32,028:INFO:              xxhash: 3.6.0
2025-12-04 23:54:32,028:INFO:           wurlitzer: 3.1.1
2025-12-04 23:54:32,028:INFO:PyCaret optional dependencies:
2025-12-04 23:54:32,033:INFO:                shap: Not installed
2025-12-04 23:54:32,033:INFO:           interpret: Not installed
2025-12-04 23:54:32,033:INFO:                umap: Not installed
2025-12-04 23:54:32,033:INFO:     ydata_profiling: Not installed
2025-12-04 23:54:32,033:INFO:  explainerdashboard: Not installed
2025-12-04 23:54:32,033:INFO:             autoviz: Not installed
2025-12-04 23:54:32,033:INFO:           fairlearn: Not installed
2025-12-04 23:54:32,034:INFO:          deepchecks: Not installed
2025-12-04 23:54:32,034:INFO:             xgboost: Not installed
2025-12-04 23:54:32,034:INFO:            catboost: Not installed
2025-12-04 23:54:32,034:INFO:              kmodes: Not installed
2025-12-04 23:54:32,034:INFO:             mlxtend: Not installed
2025-12-04 23:54:32,034:INFO:       statsforecast: Not installed
2025-12-04 23:54:32,034:INFO:        tune_sklearn: Not installed
2025-12-04 23:54:32,034:INFO:                 ray: Not installed
2025-12-04 23:54:32,034:INFO:            hyperopt: Not installed
2025-12-04 23:54:32,034:INFO:              optuna: Not installed
2025-12-04 23:54:32,034:INFO:               skopt: Not installed
2025-12-04 23:54:32,034:INFO:              mlflow: Not installed
2025-12-04 23:54:32,034:INFO:              gradio: Not installed
2025-12-04 23:54:32,034:INFO:             fastapi: Not installed
2025-12-04 23:54:32,034:INFO:             uvicorn: Not installed
2025-12-04 23:54:32,034:INFO:              m2cgen: Not installed
2025-12-04 23:54:32,034:INFO:           evidently: Not installed
2025-12-04 23:54:32,034:INFO:               fugue: Not installed
2025-12-04 23:54:32,034:INFO:           streamlit: Not installed
2025-12-04 23:54:32,034:INFO:             prophet: Not installed
2025-12-04 23:54:32,034:INFO:None
2025-12-04 23:54:32,034:INFO:Set up data.
2025-12-04 23:54:32,042:INFO:Set up folding strategy.
2025-12-04 23:54:32,042:INFO:Set up train/test split.
2025-12-04 23:54:32,051:INFO:Set up index.
2025-12-04 23:54:32,052:INFO:Assigning column types.
2025-12-04 23:54:32,058:INFO:Engine successfully changes for model 'lr' to 'sklearn'.
2025-12-04 23:54:32,059:INFO:Engine for model 'lasso' has not been set explicitly, hence returning None.
2025-12-04 23:54:32,060:INFO:Engine for model 'ridge' has not been set explicitly, hence returning None.
2025-12-04 23:54:32,061:INFO:Engine for model 'en' has not been set explicitly, hence returning None.
2025-12-04 23:54:32,086:INFO:Engine for model 'svm' has not been set explicitly, hence returning None.
2025-12-04 23:54:32,099:INFO:Engine for model 'knn' has not been set explicitly, hence returning None.
2025-12-04 23:54:32,100:WARNING:
'xgboost' is a soft dependency and not included in the pycaret installation. Please run: `pip install xgboost` to install.
Alternately, you can install this by running `pip install pycaret[models]`
2025-12-04 23:54:32,100:WARNING:
'catboost' is a soft dependency and not included in the pycaret installation. Please run: `pip install catboost` to install.
Alternately, you can install this by running `pip install pycaret[models]`
2025-12-04 23:54:32,100:INFO:Engine for model 'lasso' has not been set explicitly, hence returning None.
2025-12-04 23:54:32,101:INFO:Engine for model 'ridge' has not been set explicitly, hence returning None.
2025-12-04 23:54:32,103:INFO:Engine for model 'en' has not been set explicitly, hence returning None.
2025-12-04 23:54:32,127:INFO:Engine for model 'svm' has not been set explicitly, hence returning None.
2025-12-04 23:54:32,140:INFO:Engine for model 'knn' has not been set explicitly, hence returning None.
2025-12-04 23:54:32,140:WARNING:
'xgboost' is a soft dependency and not included in the pycaret installation. Please run: `pip install xgboost` to install.
Alternately, you can install this by running `pip install pycaret[models]`
2025-12-04 23:54:32,140:WARNING:
'catboost' is a soft dependency and not included in the pycaret installation. Please run: `pip install catboost` to install.
Alternately, you can install this by running `pip install pycaret[models]`
2025-12-04 23:54:32,141:INFO:Engine successfully changes for model 'lasso' to 'sklearn'.
2025-12-04 23:54:32,142:INFO:Engine for model 'ridge' has not been set explicitly, hence returning None.
2025-12-04 23:54:32,143:INFO:Engine for model 'en' has not been set explicitly, hence returning None.
2025-12-04 23:54:32,167:INFO:Engine for model 'svm' has not been set explicitly, hence returning None.
2025-12-04 23:54:32,180:INFO:Engine for model 'knn' has not been set explicitly, hence returning None.
2025-12-04 23:54:32,180:WARNING:
'xgboost' is a soft dependency and not included in the pycaret installation. Please run: `pip install xgboost` to install.
Alternately, you can install this by running `pip install pycaret[models]`
2025-12-04 23:54:32,180:WARNING:
'catboost' is a soft dependency and not included in the pycaret installation. Please run: `pip install catboost` to install.
Alternately, you can install this by running `pip install pycaret[models]`
2025-12-04 23:54:32,182:INFO:Engine for model 'ridge' has not been set explicitly, hence returning None.
2025-12-04 23:54:32,183:INFO:Engine for model 'en' has not been set explicitly, hence returning None.
2025-12-04 23:54:32,207:INFO:Engine for model 'svm' has not been set explicitly, hence returning None.
2025-12-04 23:54:32,220:INFO:Engine for model 'knn' has not been set explicitly, hence returning None.
2025-12-04 23:54:32,221:WARNING:
'xgboost' is a soft dependency and not included in the pycaret installation. Please run: `pip install xgboost` to install.
Alternately, you can install this by running `pip install pycaret[models]`
2025-12-04 23:54:32,221:WARNING:
'catboost' is a soft dependency and not included in the pycaret installation. Please run: `pip install catboost` to install.
Alternately, you can install this by running `pip install pycaret[models]`
2025-12-04 23:54:32,221:INFO:Engine successfully changes for model 'ridge' to 'sklearn'.
2025-12-04 23:54:32,224:INFO:Engine for model 'en' has not been set explicitly, hence returning None.
2025-12-04 23:54:32,247:INFO:Engine for model 'svm' has not been set explicitly, hence returning None.
2025-12-04 23:54:32,260:INFO:Engine for model 'knn' has not been set explicitly, hence returning None.
2025-12-04 23:54:32,260:WARNING:
'xgboost' is a soft dependency and not included in the pycaret installation. Please run: `pip install xgboost` to install.
Alternately, you can install this by running `pip install pycaret[models]`
2025-12-04 23:54:32,260:WARNING:
'catboost' is a soft dependency and not included in the pycaret installation. Please run: `pip install catboost` to install.
Alternately, you can install this by running `pip install pycaret[models]`
2025-12-04 23:54:32,263:INFO:Engine for model 'en' has not been set explicitly, hence returning None.
2025-12-04 23:54:32,286:INFO:Engine for model 'svm' has not been set explicitly, hence returning None.
2025-12-04 23:54:32,299:INFO:Engine for model 'knn' has not been set explicitly, hence returning None.
2025-12-04 23:54:32,299:WARNING:
'xgboost' is a soft dependency and not included in the pycaret installation. Please run: `pip install xgboost` to install.
Alternately, you can install this by running `pip install pycaret[models]`
2025-12-04 23:54:32,299:WARNING:
'catboost' is a soft dependency and not included in the pycaret installation. Please run: `pip install catboost` to install.
Alternately, you can install this by running `pip install pycaret[models]`
2025-12-04 23:54:32,299:INFO:Engine successfully changes for model 'en' to 'sklearn'.
2025-12-04 23:54:32,325:INFO:Engine for model 'svm' has not been set explicitly, hence returning None.
2025-12-04 23:54:32,339:INFO:Engine for model 'knn' has not been set explicitly, hence returning None.
2025-12-04 23:54:32,340:WARNING:
'xgboost' is a soft dependency and not included in the pycaret installation. Please run: `pip install xgboost` to install.
Alternately, you can install this by running `pip install pycaret[models]`
2025-12-04 23:54:32,340:WARNING:
'catboost' is a soft dependency and not included in the pycaret installation. Please run: `pip install catboost` to install.
Alternately, you can install this by running `pip install pycaret[models]`
2025-12-04 23:54:32,367:INFO:Engine for model 'svm' has not been set explicitly, hence returning None.
2025-12-04 23:54:32,380:INFO:Engine for model 'knn' has not been set explicitly, hence returning None.
2025-12-04 23:54:32,383:WARNING:
'xgboost' is a soft dependency and not included in the pycaret installation. Please run: `pip install xgboost` to install.
Alternately, you can install this by running `pip install pycaret[models]`
2025-12-04 23:54:32,383:WARNING:
'catboost' is a soft dependency and not included in the pycaret installation. Please run: `pip install catboost` to install.
Alternately, you can install this by running `pip install pycaret[models]`
2025-12-04 23:54:32,383:INFO:Engine successfully changes for model 'knn' to 'sklearn'.
2025-12-04 23:54:32,409:INFO:Engine for model 'svm' has not been set explicitly, hence returning None.
2025-12-04 23:54:32,423:WARNING:
'xgboost' is a soft dependency and not included in the pycaret installation. Please run: `pip install xgboost` to install.
Alternately, you can install this by running `pip install pycaret[models]`
2025-12-04 23:54:32,423:WARNING:
'catboost' is a soft dependency and not included in the pycaret installation. Please run: `pip install catboost` to install.
Alternately, you can install this by running `pip install pycaret[models]`
2025-12-04 23:54:32,449:INFO:Engine for model 'svm' has not been set explicitly, hence returning None.
2025-12-04 23:54:32,462:WARNING:
'xgboost' is a soft dependency and not included in the pycaret installation. Please run: `pip install xgboost` to install.
Alternately, you can install this by running `pip install pycaret[models]`
2025-12-04 23:54:32,462:WARNING:
'catboost' is a soft dependency and not included in the pycaret installation. Please run: `pip install catboost` to install.
Alternately, you can install this by running `pip install pycaret[models]`
2025-12-04 23:54:32,462:INFO:Engine successfully changes for model 'svm' to 'sklearn'.
2025-12-04 23:54:32,502:WARNING:
'xgboost' is a soft dependency and not included in the pycaret installation. Please run: `pip install xgboost` to install.
Alternately, you can install this by running `pip install pycaret[models]`
2025-12-04 23:54:32,502:WARNING:
'catboost' is a soft dependency and not included in the pycaret installation. Please run: `pip install catboost` to install.
Alternately, you can install this by running `pip install pycaret[models]`
2025-12-04 23:54:32,544:WARNING:
'xgboost' is a soft dependency and not included in the pycaret installation. Please run: `pip install xgboost` to install.
Alternately, you can install this by running `pip install pycaret[models]`
2025-12-04 23:54:32,544:WARNING:
'catboost' is a soft dependency and not included in the pycaret installation. Please run: `pip install catboost` to install.
Alternately, you can install this by running `pip install pycaret[models]`
2025-12-04 23:54:32,545:INFO:Preparing preprocessing pipeline...
2025-12-04 23:54:32,545:INFO:Set up simple imputation.
2025-12-04 23:54:32,565:INFO:Finished creating preprocessing pipeline.
2025-12-04 23:54:32,567:INFO:Pipeline: Pipeline(memory=FastMemory(location=/var/folders/gs/wjbwdtds6ylb4pdpll45yhhh0000gn/T/joblib),
         steps=[('numerical_imputer',
                 TransformerWrapper(include=['danceability', 'energy',
                                             'loudness', 'speechiness',
                                             'acousticness', 'instrumentalness',
                                             'liveness', 'valence', 'tempo',
                                             'duration_ms',
                                             'genre_popularity'],
                                    transformer=SimpleImputer())),
                ('categorical_imputer',
                 TransformerWrapper(include=[],
                                    transformer=SimpleImputer(strategy='most_frequent')))])
2025-12-04 23:54:32,567:INFO:Creating final display dataframe.
2025-12-04 23:54:32,618:INFO:Setup _display_container:                     Description             Value
0                    Session id                42
1                        Target        popularity
2                   Target type        Regression
3           Original data shape       (90704, 12)
4        Transformed data shape       (90704, 12)
5   Transformed train set shape       (63492, 12)
6    Transformed test set shape       (27212, 12)
7              Numeric features                11
8                    Preprocess              True
9               Imputation type            simple
10           Numeric imputation              mean
11       Categorical imputation              mode
12               Fold Generator             KFold
13                  Fold Number                10
14                     CPU Jobs                -1
15                      Use GPU             False
16               Log Experiment             False
17              Experiment Name  reg-default-name
18                          USI              74ba
2025-12-04 23:54:32,663:WARNING:
'xgboost' is a soft dependency and not included in the pycaret installation. Please run: `pip install xgboost` to install.
Alternately, you can install this by running `pip install pycaret[models]`
2025-12-04 23:54:32,664:WARNING:
'catboost' is a soft dependency and not included in the pycaret installation. Please run: `pip install catboost` to install.
Alternately, you can install this by running `pip install pycaret[models]`
2025-12-04 23:54:32,708:WARNING:
'xgboost' is a soft dependency and not included in the pycaret installation. Please run: `pip install xgboost` to install.
Alternately, you can install this by running `pip install pycaret[models]`
2025-12-04 23:54:32,708:WARNING:
'catboost' is a soft dependency and not included in the pycaret installation. Please run: `pip install catboost` to install.
Alternately, you can install this by running `pip install pycaret[models]`
2025-12-04 23:54:32,708:INFO:setup() successfully completed in 1.21s...............
2025-12-04 23:54:32,709:INFO:Initializing compare_models()
2025-12-04 23:54:32,709:INFO:compare_models(self=<pycaret.regression.oop.RegressionExperiment object at 0x1493b66d0>, include=None, exclude=None, fold=None, round=4, cross_validation=True, sort=R2, n_select=1, budget_time=None, turbo=True, errors=ignore, fit_kwargs=None, groups=None, experiment_custom_tags=None, probability_threshold=None, verbose=True, parallel=None, caller_params={'self': <pycaret.regression.oop.RegressionExperiment object at 0x1493b66d0>, 'include': None, 'exclude': None, 'fold': None, 'round': 4, 'cross_validation': True, 'sort': 'R2', 'n_select': 1, 'budget_time': None, 'turbo': True, 'errors': 'ignore', 'fit_kwargs': None, 'groups': None, 'experiment_custom_tags': None, 'engine': None, 'verbose': True, 'parallel': None, '__class__': <class 'pycaret.regression.oop.RegressionExperiment'>})
2025-12-04 23:54:32,709:INFO:Checking exceptions
2025-12-04 23:54:32,712:INFO:Preparing display monitor
2025-12-04 23:54:33,064:INFO:Initializing Linear Regression
2025-12-04 23:54:33,064:INFO:Total runtime is 2.5987625122070313e-06 minutes
2025-12-04 23:54:33,065:INFO:SubProcess create_model() called ==================================
2025-12-04 23:54:33,065:INFO:Initializing create_model()
2025-12-04 23:54:33,065:INFO:create_model(self=<pycaret.regression.oop.RegressionExperiment object at 0x1493b66d0>, estimator=lr, fold=KFold(n_splits=10, random_state=None, shuffle=False), round=4, cross_validation=True, predict=True, fit_kwargs={}, groups=None, refit=False, probability_threshold=None, experiment_custom_tags=None, verbose=False, system=False, add_to_model_list=True, metrics=None, display=<pycaret.internal.display.display.CommonDisplay object at 0x148986610>, model_only=True, return_train_score=False, error_score=0.0, kwargs={})
2025-12-04 23:54:33,065:INFO:Checking exceptions
2025-12-04 23:54:33,065:INFO:Importing libraries
2025-12-04 23:54:33,066:INFO:Copying training dataset
2025-12-04 23:54:33,079:INFO:Defining folds
2025-12-04 23:54:33,079:INFO:Declaring metric variables
2025-12-04 23:54:33,081:INFO:Importing untrained model
2025-12-04 23:54:33,083:INFO:Linear Regression Imported successfully
2025-12-04 23:54:33,087:INFO:Starting cross validation
2025-12-04 23:54:33,090:INFO:Cross validating with KFold(n_splits=10, random_state=None, shuffle=False), n_jobs=-1
2025-12-04 23:54:36,287:INFO:Calculating mean and std
2025-12-04 23:54:36,291:INFO:Creating metrics dataframe
2025-12-04 23:54:36,294:INFO:Uploading results into container
2025-12-04 23:54:36,296:INFO:Uploading model into container now
2025-12-04 23:54:36,297:INFO:_master_model_container: 1
2025-12-04 23:54:36,297:INFO:_display_container: 2
2025-12-04 23:54:36,297:INFO:LinearRegression(n_jobs=-1)
2025-12-04 23:54:36,297:INFO:create_model() successfully completed......................................
2025-12-04 23:54:36,416:INFO:SubProcess create_model() end ==================================
2025-12-04 23:54:36,417:INFO:Creating metrics dataframe
2025-12-04 23:54:36,419:INFO:Initializing Lasso Regression
2025-12-04 23:54:36,419:INFO:Total runtime is 0.055920398235321044 minutes
2025-12-04 23:54:36,420:INFO:SubProcess create_model() called ==================================
2025-12-04 23:54:36,420:INFO:Initializing create_model()
2025-12-04 23:54:36,420:INFO:create_model(self=<pycaret.regression.oop.RegressionExperiment object at 0x1493b66d0>, estimator=lasso, fold=KFold(n_splits=10, random_state=None, shuffle=False), round=4, cross_validation=True, predict=True, fit_kwargs={}, groups=None, refit=False, probability_threshold=None, experiment_custom_tags=None, verbose=False, system=False, add_to_model_list=True, metrics=None, display=<pycaret.internal.display.display.CommonDisplay object at 0x148986610>, model_only=True, return_train_score=False, error_score=0.0, kwargs={})
2025-12-04 23:54:36,420:INFO:Checking exceptions
2025-12-04 23:54:36,420:INFO:Importing libraries
2025-12-04 23:54:36,420:INFO:Copying training dataset
2025-12-04 23:54:36,435:INFO:Defining folds
2025-12-04 23:54:36,435:INFO:Declaring metric variables
2025-12-04 23:54:36,436:INFO:Importing untrained model
2025-12-04 23:54:36,438:INFO:Lasso Regression Imported successfully
2025-12-04 23:54:36,440:INFO:Starting cross validation
2025-12-04 23:54:36,441:INFO:Cross validating with KFold(n_splits=10, random_state=None, shuffle=False), n_jobs=-1
2025-12-04 23:54:36,525:INFO:Calculating mean and std
2025-12-04 23:54:36,525:INFO:Creating metrics dataframe
2025-12-04 23:54:36,526:INFO:Uploading results into container
2025-12-04 23:54:36,526:INFO:Uploading model into container now
2025-12-04 23:54:36,526:INFO:_master_model_container: 2
2025-12-04 23:54:36,526:INFO:_display_container: 2
2025-12-04 23:54:36,526:INFO:Lasso(random_state=42)
2025-12-04 23:54:36,526:INFO:create_model() successfully completed......................................
2025-12-04 23:54:36,581:INFO:SubProcess create_model() end ==================================
2025-12-04 23:54:36,581:INFO:Creating metrics dataframe
2025-12-04 23:54:36,583:INFO:Initializing Ridge Regression
2025-12-04 23:54:36,583:INFO:Total runtime is 0.05865261952082316 minutes
2025-12-04 23:54:36,584:INFO:SubProcess create_model() called ==================================
2025-12-04 23:54:36,584:INFO:Initializing create_model()
2025-12-04 23:54:36,584:INFO:create_model(self=<pycaret.regression.oop.RegressionExperiment object at 0x1493b66d0>, estimator=ridge, fold=KFold(n_splits=10, random_state=None, shuffle=False), round=4, cross_validation=True, predict=True, fit_kwargs={}, groups=None, refit=False, probability_threshold=None, experiment_custom_tags=None, verbose=False, system=False, add_to_model_list=True, metrics=None, display=<pycaret.internal.display.display.CommonDisplay object at 0x148986610>, model_only=True, return_train_score=False, error_score=0.0, kwargs={})
2025-12-04 23:54:36,584:INFO:Checking exceptions
2025-12-04 23:54:36,584:INFO:Importing libraries
2025-12-04 23:54:36,584:INFO:Copying training dataset
2025-12-04 23:54:36,595:INFO:Defining folds
2025-12-04 23:54:36,595:INFO:Declaring metric variables
2025-12-04 23:54:36,596:INFO:Importing untrained model
2025-12-04 23:54:36,597:INFO:Ridge Regression Imported successfully
2025-12-04 23:54:36,599:INFO:Starting cross validation
2025-12-04 23:54:36,599:INFO:Cross validating with KFold(n_splits=10, random_state=None, shuffle=False), n_jobs=-1
2025-12-04 23:54:36,678:INFO:Calculating mean and std
2025-12-04 23:54:36,678:INFO:Creating metrics dataframe
2025-12-04 23:54:36,678:INFO:Uploading results into container
2025-12-04 23:54:36,679:INFO:Uploading model into container now
2025-12-04 23:54:36,679:INFO:_master_model_container: 3
2025-12-04 23:54:36,679:INFO:_display_container: 2
2025-12-04 23:54:36,679:INFO:Ridge(random_state=42)
2025-12-04 23:54:36,679:INFO:create_model() successfully completed......................................
2025-12-04 23:54:36,735:INFO:SubProcess create_model() end ==================================
2025-12-04 23:54:36,735:INFO:Creating metrics dataframe
2025-12-04 23:54:36,737:INFO:Initializing Elastic Net
2025-12-04 23:54:36,737:INFO:Total runtime is 0.061221214135487874 minutes
2025-12-04 23:54:36,738:INFO:SubProcess create_model() called ==================================
2025-12-04 23:54:36,738:INFO:Initializing create_model()
2025-12-04 23:54:36,738:INFO:create_model(self=<pycaret.regression.oop.RegressionExperiment object at 0x1493b66d0>, estimator=en, fold=KFold(n_splits=10, random_state=None, shuffle=False), round=4, cross_validation=True, predict=True, fit_kwargs={}, groups=None, refit=False, probability_threshold=None, experiment_custom_tags=None, verbose=False, system=False, add_to_model_list=True, metrics=None, display=<pycaret.internal.display.display.CommonDisplay object at 0x148986610>, model_only=True, return_train_score=False, error_score=0.0, kwargs={})
2025-12-04 23:54:36,738:INFO:Checking exceptions
2025-12-04 23:54:36,739:INFO:Importing libraries
2025-12-04 23:54:36,739:INFO:Copying training dataset
2025-12-04 23:54:36,749:INFO:Defining folds
2025-12-04 23:54:36,749:INFO:Declaring metric variables
2025-12-04 23:54:36,750:INFO:Importing untrained model
2025-12-04 23:54:36,751:INFO:Elastic Net Imported successfully
2025-12-04 23:54:36,753:INFO:Starting cross validation
2025-12-04 23:54:36,753:INFO:Cross validating with KFold(n_splits=10, random_state=None, shuffle=False), n_jobs=-1
2025-12-04 23:54:36,833:INFO:Calculating mean and std
2025-12-04 23:54:36,834:INFO:Creating metrics dataframe
2025-12-04 23:54:36,834:INFO:Uploading results into container
2025-12-04 23:54:36,834:INFO:Uploading model into container now
2025-12-04 23:54:36,835:INFO:_master_model_container: 4
2025-12-04 23:54:36,835:INFO:_display_container: 2
2025-12-04 23:54:36,835:INFO:ElasticNet(random_state=42)
2025-12-04 23:54:36,835:INFO:create_model() successfully completed......................................
2025-12-04 23:54:36,888:INFO:SubProcess create_model() end ==================================
2025-12-04 23:54:36,888:INFO:Creating metrics dataframe
2025-12-04 23:54:36,890:INFO:Initializing Least Angle Regression
2025-12-04 23:54:36,890:INFO:Total runtime is 0.06376898288726807 minutes
2025-12-04 23:54:36,891:INFO:SubProcess create_model() called ==================================
2025-12-04 23:54:36,891:INFO:Initializing create_model()
2025-12-04 23:54:36,891:INFO:create_model(self=<pycaret.regression.oop.RegressionExperiment object at 0x1493b66d0>, estimator=lar, fold=KFold(n_splits=10, random_state=None, shuffle=False), round=4, cross_validation=True, predict=True, fit_kwargs={}, groups=None, refit=False, probability_threshold=None, experiment_custom_tags=None, verbose=False, system=False, add_to_model_list=True, metrics=None, display=<pycaret.internal.display.display.CommonDisplay object at 0x148986610>, model_only=True, return_train_score=False, error_score=0.0, kwargs={})
2025-12-04 23:54:36,891:INFO:Checking exceptions
2025-12-04 23:54:36,891:INFO:Importing libraries
2025-12-04 23:54:36,891:INFO:Copying training dataset
2025-12-04 23:54:36,902:INFO:Defining folds
2025-12-04 23:54:36,902:INFO:Declaring metric variables
2025-12-04 23:54:36,903:INFO:Importing untrained model
2025-12-04 23:54:36,904:INFO:Least Angle Regression Imported successfully
2025-12-04 23:54:36,906:INFO:Starting cross validation
2025-12-04 23:54:36,906:INFO:Cross validating with KFold(n_splits=10, random_state=None, shuffle=False), n_jobs=-1
2025-12-04 23:54:36,986:INFO:Calculating mean and std
2025-12-04 23:54:36,987:INFO:Creating metrics dataframe
2025-12-04 23:54:36,987:INFO:Uploading results into container
2025-12-04 23:54:36,987:INFO:Uploading model into container now
2025-12-04 23:54:36,987:INFO:_master_model_container: 5
2025-12-04 23:54:36,987:INFO:_display_container: 2
2025-12-04 23:54:36,988:INFO:Lars(random_state=42)
2025-12-04 23:54:36,988:INFO:create_model() successfully completed......................................
2025-12-04 23:54:37,043:INFO:SubProcess create_model() end ==================================
2025-12-04 23:54:37,043:INFO:Creating metrics dataframe
2025-12-04 23:54:37,046:INFO:Initializing Lasso Least Angle Regression
2025-12-04 23:54:37,046:INFO:Total runtime is 0.06636536518732707 minutes
2025-12-04 23:54:37,047:INFO:SubProcess create_model() called ==================================
2025-12-04 23:54:37,047:INFO:Initializing create_model()
2025-12-04 23:54:37,047:INFO:create_model(self=<pycaret.regression.oop.RegressionExperiment object at 0x1493b66d0>, estimator=llar, fold=KFold(n_splits=10, random_state=None, shuffle=False), round=4, cross_validation=True, predict=True, fit_kwargs={}, groups=None, refit=False, probability_threshold=None, experiment_custom_tags=None, verbose=False, system=False, add_to_model_list=True, metrics=None, display=<pycaret.internal.display.display.CommonDisplay object at 0x148986610>, model_only=True, return_train_score=False, error_score=0.0, kwargs={})
2025-12-04 23:54:37,047:INFO:Checking exceptions
2025-12-04 23:54:37,047:INFO:Importing libraries
2025-12-04 23:54:37,047:INFO:Copying training dataset
2025-12-04 23:54:37,058:INFO:Defining folds
2025-12-04 23:54:37,058:INFO:Declaring metric variables
2025-12-04 23:54:37,059:INFO:Importing untrained model
2025-12-04 23:54:37,060:INFO:Lasso Least Angle Regression Imported successfully
2025-12-04 23:54:37,062:INFO:Starting cross validation
2025-12-04 23:54:37,062:INFO:Cross validating with KFold(n_splits=10, random_state=None, shuffle=False), n_jobs=-1
2025-12-04 23:54:37,137:INFO:Calculating mean and std
2025-12-04 23:54:37,138:INFO:Creating metrics dataframe
2025-12-04 23:54:37,138:INFO:Uploading results into container
2025-12-04 23:54:37,138:INFO:Uploading model into container now
2025-12-04 23:54:37,138:INFO:_master_model_container: 6
2025-12-04 23:54:37,138:INFO:_display_container: 2
2025-12-04 23:54:37,139:INFO:LassoLars(random_state=42)
2025-12-04 23:54:37,139:INFO:create_model() successfully completed......................................
2025-12-04 23:54:37,192:INFO:SubProcess create_model() end ==================================
2025-12-04 23:54:37,192:INFO:Creating metrics dataframe
2025-12-04 23:54:37,195:INFO:Initializing Orthogonal Matching Pursuit
2025-12-04 23:54:37,195:INFO:Total runtime is 0.06885439952214559 minutes
2025-12-04 23:54:37,196:INFO:SubProcess create_model() called ==================================
2025-12-04 23:54:37,196:INFO:Initializing create_model()
2025-12-04 23:54:37,196:INFO:create_model(self=<pycaret.regression.oop.RegressionExperiment object at 0x1493b66d0>, estimator=omp, fold=KFold(n_splits=10, random_state=None, shuffle=False), round=4, cross_validation=True, predict=True, fit_kwargs={}, groups=None, refit=False, probability_threshold=None, experiment_custom_tags=None, verbose=False, system=False, add_to_model_list=True, metrics=None, display=<pycaret.internal.display.display.CommonDisplay object at 0x148986610>, model_only=True, return_train_score=False, error_score=0.0, kwargs={})
2025-12-04 23:54:37,196:INFO:Checking exceptions
2025-12-04 23:54:37,197:INFO:Importing libraries
2025-12-04 23:54:37,197:INFO:Copying training dataset
2025-12-04 23:54:37,208:INFO:Defining folds
2025-12-04 23:54:37,208:INFO:Declaring metric variables
2025-12-04 23:54:37,209:INFO:Importing untrained model
2025-12-04 23:54:37,210:INFO:Orthogonal Matching Pursuit Imported successfully
2025-12-04 23:54:37,212:INFO:Starting cross validation
2025-12-04 23:54:37,213:INFO:Cross validating with KFold(n_splits=10, random_state=None, shuffle=False), n_jobs=-1
2025-12-04 23:54:37,280:INFO:Calculating mean and std
2025-12-04 23:54:37,280:INFO:Creating metrics dataframe
2025-12-04 23:54:37,280:INFO:Uploading results into container
2025-12-04 23:54:37,280:INFO:Uploading model into container now
2025-12-04 23:54:37,281:INFO:_master_model_container: 7
2025-12-04 23:54:37,281:INFO:_display_container: 2
2025-12-04 23:54:37,281:INFO:OrthogonalMatchingPursuit()
2025-12-04 23:54:37,281:INFO:create_model() successfully completed......................................
2025-12-04 23:54:37,335:INFO:SubProcess create_model() end ==================================
2025-12-04 23:54:37,335:INFO:Creating metrics dataframe
2025-12-04 23:54:37,338:INFO:Initializing Bayesian Ridge
2025-12-04 23:54:37,338:INFO:Total runtime is 0.07123411893844604 minutes
2025-12-04 23:54:37,339:INFO:SubProcess create_model() called ==================================
2025-12-04 23:54:37,339:INFO:Initializing create_model()
2025-12-04 23:54:37,339:INFO:create_model(self=<pycaret.regression.oop.RegressionExperiment object at 0x1493b66d0>, estimator=br, fold=KFold(n_splits=10, random_state=None, shuffle=False), round=4, cross_validation=True, predict=True, fit_kwargs={}, groups=None, refit=False, probability_threshold=None, experiment_custom_tags=None, verbose=False, system=False, add_to_model_list=True, metrics=None, display=<pycaret.internal.display.display.CommonDisplay object at 0x148986610>, model_only=True, return_train_score=False, error_score=0.0, kwargs={})
2025-12-04 23:54:37,339:INFO:Checking exceptions
2025-12-04 23:54:37,339:INFO:Importing libraries
2025-12-04 23:54:37,339:INFO:Copying training dataset
2025-12-04 23:54:37,350:INFO:Defining folds
2025-12-04 23:54:37,350:INFO:Declaring metric variables
2025-12-04 23:54:37,351:INFO:Importing untrained model
2025-12-04 23:54:37,352:INFO:Bayesian Ridge Imported successfully
2025-12-04 23:54:37,354:INFO:Starting cross validation
2025-12-04 23:54:37,354:INFO:Cross validating with KFold(n_splits=10, random_state=None, shuffle=False), n_jobs=-1
2025-12-04 23:54:37,438:INFO:Calculating mean and std
2025-12-04 23:54:37,438:INFO:Creating metrics dataframe
2025-12-04 23:54:37,439:INFO:Uploading results into container
2025-12-04 23:54:37,439:INFO:Uploading model into container now
2025-12-04 23:54:37,439:INFO:_master_model_container: 8
2025-12-04 23:54:37,439:INFO:_display_container: 2
2025-12-04 23:54:37,439:INFO:BayesianRidge()
2025-12-04 23:54:37,439:INFO:create_model() successfully completed......................................
2025-12-04 23:54:37,537:INFO:SubProcess create_model() end ==================================
2025-12-04 23:54:37,537:INFO:Creating metrics dataframe
2025-12-04 23:54:37,539:INFO:Initializing Passive Aggressive Regressor
2025-12-04 23:54:37,539:INFO:Total runtime is 0.0745917002360026 minutes
2025-12-04 23:54:37,540:INFO:SubProcess create_model() called ==================================
2025-12-04 23:54:37,541:INFO:Initializing create_model()
2025-12-04 23:54:37,541:INFO:create_model(self=<pycaret.regression.oop.RegressionExperiment object at 0x1493b66d0>, estimator=par, fold=KFold(n_splits=10, random_state=None, shuffle=False), round=4, cross_validation=True, predict=True, fit_kwargs={}, groups=None, refit=False, probability_threshold=None, experiment_custom_tags=None, verbose=False, system=False, add_to_model_list=True, metrics=None, display=<pycaret.internal.display.display.CommonDisplay object at 0x148986610>, model_only=True, return_train_score=False, error_score=0.0, kwargs={})
2025-12-04 23:54:37,541:INFO:Checking exceptions
2025-12-04 23:54:37,541:INFO:Importing libraries
2025-12-04 23:54:37,541:INFO:Copying training dataset
2025-12-04 23:54:37,551:INFO:Defining folds
2025-12-04 23:54:37,551:INFO:Declaring metric variables
2025-12-04 23:54:37,552:INFO:Importing untrained model
2025-12-04 23:54:37,553:INFO:Passive Aggressive Regressor Imported successfully
2025-12-04 23:54:37,555:INFO:Starting cross validation
2025-12-04 23:54:37,556:INFO:Cross validating with KFold(n_splits=10, random_state=None, shuffle=False), n_jobs=-1
2025-12-04 23:54:37,726:INFO:Calculating mean and std
2025-12-04 23:54:37,726:INFO:Creating metrics dataframe
2025-12-04 23:54:37,727:INFO:Uploading results into container
2025-12-04 23:54:37,727:INFO:Uploading model into container now
2025-12-04 23:54:37,728:INFO:_master_model_container: 9
2025-12-04 23:54:37,728:INFO:_display_container: 2
2025-12-04 23:54:37,728:INFO:PassiveAggressiveRegressor(random_state=42)
2025-12-04 23:54:37,728:INFO:create_model() successfully completed......................................
2025-12-04 23:54:37,781:INFO:SubProcess create_model() end ==================================
2025-12-04 23:54:37,781:INFO:Creating metrics dataframe
2025-12-04 23:54:37,784:INFO:Initializing Huber Regressor
2025-12-04 23:54:37,784:INFO:Total runtime is 0.0786745309829712 minutes
2025-12-04 23:54:37,785:INFO:SubProcess create_model() called ==================================
2025-12-04 23:54:37,785:INFO:Initializing create_model()
2025-12-04 23:54:37,785:INFO:create_model(self=<pycaret.regression.oop.RegressionExperiment object at 0x1493b66d0>, estimator=huber, fold=KFold(n_splits=10, random_state=None, shuffle=False), round=4, cross_validation=True, predict=True, fit_kwargs={}, groups=None, refit=False, probability_threshold=None, experiment_custom_tags=None, verbose=False, system=False, add_to_model_list=True, metrics=None, display=<pycaret.internal.display.display.CommonDisplay object at 0x148986610>, model_only=True, return_train_score=False, error_score=0.0, kwargs={})
2025-12-04 23:54:37,786:INFO:Checking exceptions
2025-12-04 23:54:37,786:INFO:Importing libraries
2025-12-04 23:54:37,786:INFO:Copying training dataset
2025-12-04 23:54:37,796:INFO:Defining folds
2025-12-04 23:54:37,796:INFO:Declaring metric variables
2025-12-04 23:54:37,797:INFO:Importing untrained model
2025-12-04 23:54:37,798:INFO:Huber Regressor Imported successfully
2025-12-04 23:54:37,800:INFO:Starting cross validation
2025-12-04 23:54:37,800:INFO:Cross validating with KFold(n_splits=10, random_state=None, shuffle=False), n_jobs=-1
2025-12-04 23:54:38,163:INFO:Calculating mean and std
2025-12-04 23:54:38,164:INFO:Creating metrics dataframe
2025-12-04 23:54:38,164:INFO:Uploading results into container
2025-12-04 23:54:38,165:INFO:Uploading model into container now
2025-12-04 23:54:38,165:INFO:_master_model_container: 10
2025-12-04 23:54:38,165:INFO:_display_container: 2
2025-12-04 23:54:38,165:INFO:HuberRegressor()
2025-12-04 23:54:38,165:INFO:create_model() successfully completed......................................
2025-12-04 23:54:38,218:INFO:SubProcess create_model() end ==================================
2025-12-04 23:54:38,219:INFO:Creating metrics dataframe
2025-12-04 23:54:38,221:INFO:Initializing K Neighbors Regressor
2025-12-04 23:54:38,222:INFO:Total runtime is 0.08596041599909465 minutes
2025-12-04 23:54:38,223:INFO:SubProcess create_model() called ==================================
2025-12-04 23:54:38,223:INFO:Initializing create_model()
2025-12-04 23:54:38,223:INFO:create_model(self=<pycaret.regression.oop.RegressionExperiment object at 0x1493b66d0>, estimator=knn, fold=KFold(n_splits=10, random_state=None, shuffle=False), round=4, cross_validation=True, predict=True, fit_kwargs={}, groups=None, refit=False, probability_threshold=None, experiment_custom_tags=None, verbose=False, system=False, add_to_model_list=True, metrics=None, display=<pycaret.internal.display.display.CommonDisplay object at 0x148986610>, model_only=True, return_train_score=False, error_score=0.0, kwargs={})
2025-12-04 23:54:38,223:INFO:Checking exceptions
2025-12-04 23:54:38,223:INFO:Importing libraries
2025-12-04 23:54:38,223:INFO:Copying training dataset
2025-12-04 23:54:38,233:INFO:Defining folds
2025-12-04 23:54:38,233:INFO:Declaring metric variables
2025-12-04 23:54:38,234:INFO:Importing untrained model
2025-12-04 23:54:38,235:INFO:K Neighbors Regressor Imported successfully
2025-12-04 23:54:38,237:INFO:Starting cross validation
2025-12-04 23:54:38,237:INFO:Cross validating with KFold(n_splits=10, random_state=None, shuffle=False), n_jobs=-1
2025-12-04 23:54:38,352:INFO:Calculating mean and std
2025-12-04 23:54:38,352:INFO:Creating metrics dataframe
2025-12-04 23:54:38,353:INFO:Uploading results into container
2025-12-04 23:54:38,353:INFO:Uploading model into container now
2025-12-04 23:54:38,353:INFO:_master_model_container: 11
2025-12-04 23:54:38,353:INFO:_display_container: 2
2025-12-04 23:54:38,353:INFO:KNeighborsRegressor(n_jobs=-1)
2025-12-04 23:54:38,353:INFO:create_model() successfully completed......................................
2025-12-04 23:54:38,405:INFO:SubProcess create_model() end ==================================
2025-12-04 23:54:38,405:INFO:Creating metrics dataframe
2025-12-04 23:54:38,409:INFO:Initializing Decision Tree Regressor
2025-12-04 23:54:38,409:INFO:Total runtime is 0.08908043305079143 minutes
2025-12-04 23:54:38,410:INFO:SubProcess create_model() called ==================================
2025-12-04 23:54:38,410:INFO:Initializing create_model()
2025-12-04 23:54:38,410:INFO:create_model(self=<pycaret.regression.oop.RegressionExperiment object at 0x1493b66d0>, estimator=dt, fold=KFold(n_splits=10, random_state=None, shuffle=False), round=4, cross_validation=True, predict=True, fit_kwargs={}, groups=None, refit=False, probability_threshold=None, experiment_custom_tags=None, verbose=False, system=False, add_to_model_list=True, metrics=None, display=<pycaret.internal.display.display.CommonDisplay object at 0x148986610>, model_only=True, return_train_score=False, error_score=0.0, kwargs={})
2025-12-04 23:54:38,410:INFO:Checking exceptions
2025-12-04 23:54:38,410:INFO:Importing libraries
2025-12-04 23:54:38,410:INFO:Copying training dataset
2025-12-04 23:54:38,420:INFO:Defining folds
2025-12-04 23:54:38,420:INFO:Declaring metric variables
2025-12-04 23:54:38,421:INFO:Importing untrained model
2025-12-04 23:54:38,422:INFO:Decision Tree Regressor Imported successfully
2025-12-04 23:54:38,424:INFO:Starting cross validation
2025-12-04 23:54:38,424:INFO:Cross validating with KFold(n_splits=10, random_state=None, shuffle=False), n_jobs=-1
2025-12-04 23:54:39,342:INFO:Calculating mean and std
2025-12-04 23:54:39,343:INFO:Creating metrics dataframe
2025-12-04 23:54:39,343:INFO:Uploading results into container
2025-12-04 23:54:39,344:INFO:Uploading model into container now
2025-12-04 23:54:39,344:INFO:_master_model_container: 12
2025-12-04 23:54:39,344:INFO:_display_container: 2
2025-12-04 23:54:39,344:INFO:DecisionTreeRegressor(random_state=42)
2025-12-04 23:54:39,344:INFO:create_model() successfully completed......................................
2025-12-04 23:54:39,399:INFO:SubProcess create_model() end ==================================
2025-12-04 23:54:39,400:INFO:Creating metrics dataframe
2025-12-04 23:54:39,403:INFO:Initializing Random Forest Regressor
2025-12-04 23:54:39,403:INFO:Total runtime is 0.10564783414204916 minutes
2025-12-04 23:54:39,404:INFO:SubProcess create_model() called ==================================
2025-12-04 23:54:39,404:INFO:Initializing create_model()
2025-12-04 23:54:39,404:INFO:create_model(self=<pycaret.regression.oop.RegressionExperiment object at 0x1493b66d0>, estimator=rf, fold=KFold(n_splits=10, random_state=None, shuffle=False), round=4, cross_validation=True, predict=True, fit_kwargs={}, groups=None, refit=False, probability_threshold=None, experiment_custom_tags=None, verbose=False, system=False, add_to_model_list=True, metrics=None, display=<pycaret.internal.display.display.CommonDisplay object at 0x148986610>, model_only=True, return_train_score=False, error_score=0.0, kwargs={})
2025-12-04 23:54:39,404:INFO:Checking exceptions
2025-12-04 23:54:39,404:INFO:Importing libraries
2025-12-04 23:54:39,404:INFO:Copying training dataset
2025-12-04 23:54:39,415:INFO:Defining folds
2025-12-04 23:54:39,415:INFO:Declaring metric variables
2025-12-04 23:54:39,415:INFO:Importing untrained model
2025-12-04 23:54:39,417:INFO:Random Forest Regressor Imported successfully
2025-12-04 23:54:39,418:INFO:Starting cross validation
2025-12-04 23:54:39,419:INFO:Cross validating with KFold(n_splits=10, random_state=None, shuffle=False), n_jobs=-1
2025-12-04 23:55:43,728:INFO:Calculating mean and std
2025-12-04 23:55:43,730:INFO:Creating metrics dataframe
2025-12-04 23:55:43,735:INFO:Uploading results into container
2025-12-04 23:55:43,736:INFO:Uploading model into container now
2025-12-04 23:55:43,737:INFO:_master_model_container: 13
2025-12-04 23:55:43,737:INFO:_display_container: 2
2025-12-04 23:55:43,738:INFO:RandomForestRegressor(n_jobs=-1, random_state=42)
2025-12-04 23:55:43,738:INFO:create_model() successfully completed......................................
2025-12-04 23:55:43,911:INFO:SubProcess create_model() end ==================================
2025-12-04 23:55:43,911:INFO:Creating metrics dataframe
2025-12-04 23:55:43,919:INFO:Initializing Extra Trees Regressor
2025-12-04 23:55:43,919:INFO:Total runtime is 1.1809227824211121 minutes
2025-12-04 23:55:43,922:INFO:SubProcess create_model() called ==================================
2025-12-04 23:55:43,922:INFO:Initializing create_model()
2025-12-04 23:55:43,922:INFO:create_model(self=<pycaret.regression.oop.RegressionExperiment object at 0x1493b66d0>, estimator=et, fold=KFold(n_splits=10, random_state=None, shuffle=False), round=4, cross_validation=True, predict=True, fit_kwargs={}, groups=None, refit=False, probability_threshold=None, experiment_custom_tags=None, verbose=False, system=False, add_to_model_list=True, metrics=None, display=<pycaret.internal.display.display.CommonDisplay object at 0x148986610>, model_only=True, return_train_score=False, error_score=0.0, kwargs={})
2025-12-04 23:55:43,922:INFO:Checking exceptions
2025-12-04 23:55:43,922:INFO:Importing libraries
2025-12-04 23:55:43,922:INFO:Copying training dataset
2025-12-04 23:55:43,958:INFO:Defining folds
2025-12-04 23:55:43,959:INFO:Declaring metric variables
2025-12-04 23:55:43,961:INFO:Importing untrained model
2025-12-04 23:55:43,965:INFO:Extra Trees Regressor Imported successfully
2025-12-04 23:55:43,970:INFO:Starting cross validation
2025-12-04 23:55:43,970:INFO:Cross validating with KFold(n_splits=10, random_state=None, shuffle=False), n_jobs=-1
2025-12-04 23:56:01,644:INFO:Calculating mean and std
2025-12-04 23:56:01,646:INFO:Creating metrics dataframe
2025-12-04 23:56:01,651:INFO:Uploading results into container
2025-12-04 23:56:01,651:INFO:Uploading model into container now
2025-12-04 23:56:01,652:INFO:_master_model_container: 14
2025-12-04 23:56:01,652:INFO:_display_container: 2
2025-12-04 23:56:01,653:INFO:ExtraTreesRegressor(n_jobs=-1, random_state=42)
2025-12-04 23:56:01,653:INFO:create_model() successfully completed......................................
2025-12-04 23:56:01,760:INFO:SubProcess create_model() end ==================================
2025-12-04 23:56:01,760:INFO:Creating metrics dataframe
2025-12-04 23:56:01,764:INFO:Initializing AdaBoost Regressor
2025-12-04 23:56:01,764:INFO:Total runtime is 1.4783298651377361 minutes
2025-12-04 23:56:01,765:INFO:SubProcess create_model() called ==================================
2025-12-04 23:56:01,765:INFO:Initializing create_model()
2025-12-04 23:56:01,765:INFO:create_model(self=<pycaret.regression.oop.RegressionExperiment object at 0x1493b66d0>, estimator=ada, fold=KFold(n_splits=10, random_state=None, shuffle=False), round=4, cross_validation=True, predict=True, fit_kwargs={}, groups=None, refit=False, probability_threshold=None, experiment_custom_tags=None, verbose=False, system=False, add_to_model_list=True, metrics=None, display=<pycaret.internal.display.display.CommonDisplay object at 0x148986610>, model_only=True, return_train_score=False, error_score=0.0, kwargs={})
2025-12-04 23:56:01,765:INFO:Checking exceptions
2025-12-04 23:56:01,765:INFO:Importing libraries
2025-12-04 23:56:01,766:INFO:Copying training dataset
2025-12-04 23:56:01,781:INFO:Defining folds
2025-12-04 23:56:01,781:INFO:Declaring metric variables
2025-12-04 23:56:01,783:INFO:Importing untrained model
2025-12-04 23:56:01,784:INFO:AdaBoost Regressor Imported successfully
2025-12-04 23:56:01,786:INFO:Starting cross validation
2025-12-04 23:56:01,786:INFO:Cross validating with KFold(n_splits=10, random_state=None, shuffle=False), n_jobs=-1
2025-12-04 23:56:02,007:WARNING:/Users/gabrielmatsan/Documents/CESUPA/ml/venv/lib/python3.11/site-packages/joblib/externals/loky/process_executor.py:752: UserWarning: A worker stopped while some jobs were given to the executor. This can be caused by a too short worker timeout or by a memory leak.
  warnings.warn(

2025-12-04 23:56:08,899:INFO:Calculating mean and std
2025-12-04 23:56:08,901:INFO:Creating metrics dataframe
2025-12-04 23:56:08,902:INFO:Uploading results into container
2025-12-04 23:56:08,902:INFO:Uploading model into container now
2025-12-04 23:56:08,903:INFO:_master_model_container: 15
2025-12-04 23:56:08,903:INFO:_display_container: 2
2025-12-04 23:56:08,903:INFO:AdaBoostRegressor(random_state=42)
2025-12-04 23:56:08,903:INFO:create_model() successfully completed......................................
2025-12-04 23:56:08,965:INFO:SubProcess create_model() end ==================================
2025-12-04 23:56:08,965:INFO:Creating metrics dataframe
2025-12-04 23:56:08,969:INFO:Initializing Gradient Boosting Regressor
2025-12-04 23:56:08,969:INFO:Total runtime is 1.59841924905777 minutes
2025-12-04 23:56:08,970:INFO:SubProcess create_model() called ==================================
2025-12-04 23:56:08,970:INFO:Initializing create_model()
2025-12-04 23:56:08,970:INFO:create_model(self=<pycaret.regression.oop.RegressionExperiment object at 0x1493b66d0>, estimator=gbr, fold=KFold(n_splits=10, random_state=None, shuffle=False), round=4, cross_validation=True, predict=True, fit_kwargs={}, groups=None, refit=False, probability_threshold=None, experiment_custom_tags=None, verbose=False, system=False, add_to_model_list=True, metrics=None, display=<pycaret.internal.display.display.CommonDisplay object at 0x148986610>, model_only=True, return_train_score=False, error_score=0.0, kwargs={})
2025-12-04 23:56:08,970:INFO:Checking exceptions
2025-12-04 23:56:08,970:INFO:Importing libraries
2025-12-04 23:56:08,971:INFO:Copying training dataset
2025-12-04 23:56:08,981:INFO:Defining folds
2025-12-04 23:56:08,981:INFO:Declaring metric variables
2025-12-04 23:56:08,982:INFO:Importing untrained model
2025-12-04 23:56:08,983:INFO:Gradient Boosting Regressor Imported successfully
2025-12-04 23:56:08,985:INFO:Starting cross validation
2025-12-04 23:56:08,986:INFO:Cross validating with KFold(n_splits=10, random_state=None, shuffle=False), n_jobs=-1
2025-12-04 23:56:23,678:INFO:Calculating mean and std
2025-12-04 23:56:23,678:INFO:Creating metrics dataframe
2025-12-04 23:56:23,679:INFO:Uploading results into container
2025-12-04 23:56:23,680:INFO:Uploading model into container now
2025-12-04 23:56:23,680:INFO:_master_model_container: 16
2025-12-04 23:56:23,680:INFO:_display_container: 2
2025-12-04 23:56:23,680:INFO:GradientBoostingRegressor(random_state=42)
2025-12-04 23:56:23,680:INFO:create_model() successfully completed......................................
2025-12-04 23:56:23,743:INFO:SubProcess create_model() end ==================================
2025-12-04 23:56:23,743:INFO:Creating metrics dataframe
2025-12-04 23:56:23,746:INFO:Initializing Light Gradient Boosting Machine
2025-12-04 23:56:23,747:INFO:Total runtime is 1.844710413614909 minutes
2025-12-04 23:56:23,748:INFO:SubProcess create_model() called ==================================
2025-12-04 23:56:23,748:INFO:Initializing create_model()
2025-12-04 23:56:23,748:INFO:create_model(self=<pycaret.regression.oop.RegressionExperiment object at 0x1493b66d0>, estimator=lightgbm, fold=KFold(n_splits=10, random_state=None, shuffle=False), round=4, cross_validation=True, predict=True, fit_kwargs={}, groups=None, refit=False, probability_threshold=None, experiment_custom_tags=None, verbose=False, system=False, add_to_model_list=True, metrics=None, display=<pycaret.internal.display.display.CommonDisplay object at 0x148986610>, model_only=True, return_train_score=False, error_score=0.0, kwargs={})
2025-12-04 23:56:23,748:INFO:Checking exceptions
2025-12-04 23:56:23,748:INFO:Importing libraries
2025-12-04 23:56:23,748:INFO:Copying training dataset
2025-12-04 23:56:23,759:INFO:Defining folds
2025-12-04 23:56:23,759:INFO:Declaring metric variables
2025-12-04 23:56:23,760:INFO:Importing untrained model
2025-12-04 23:56:23,762:INFO:Light Gradient Boosting Machine Imported successfully
2025-12-04 23:56:23,764:INFO:Starting cross validation
2025-12-04 23:56:23,764:INFO:Cross validating with KFold(n_splits=10, random_state=None, shuffle=False), n_jobs=-1
2025-12-04 23:56:26,982:INFO:Calculating mean and std
2025-12-04 23:56:26,983:INFO:Creating metrics dataframe
2025-12-04 23:56:26,984:INFO:Uploading results into container
2025-12-04 23:56:26,984:INFO:Uploading model into container now
2025-12-04 23:56:26,984:INFO:_master_model_container: 17
2025-12-04 23:56:26,984:INFO:_display_container: 2
2025-12-04 23:56:26,985:INFO:LGBMRegressor(n_jobs=-1, random_state=42)
2025-12-04 23:56:26,985:INFO:create_model() successfully completed......................................
2025-12-04 23:56:27,069:INFO:SubProcess create_model() end ==================================
2025-12-04 23:56:27,069:INFO:Creating metrics dataframe
2025-12-04 23:56:27,075:INFO:Initializing Dummy Regressor
2025-12-04 23:56:27,075:INFO:Total runtime is 1.9001791159311932 minutes
2025-12-04 23:56:27,076:INFO:SubProcess create_model() called ==================================
2025-12-04 23:56:27,076:INFO:Initializing create_model()
2025-12-04 23:56:27,076:INFO:create_model(self=<pycaret.regression.oop.RegressionExperiment object at 0x1493b66d0>, estimator=dummy, fold=KFold(n_splits=10, random_state=None, shuffle=False), round=4, cross_validation=True, predict=True, fit_kwargs={}, groups=None, refit=False, probability_threshold=None, experiment_custom_tags=None, verbose=False, system=False, add_to_model_list=True, metrics=None, display=<pycaret.internal.display.display.CommonDisplay object at 0x148986610>, model_only=True, return_train_score=False, error_score=0.0, kwargs={})
2025-12-04 23:56:27,076:INFO:Checking exceptions
2025-12-04 23:56:27,076:INFO:Importing libraries
2025-12-04 23:56:27,076:INFO:Copying training dataset
2025-12-04 23:56:27,094:INFO:Defining folds
2025-12-04 23:56:27,096:INFO:Declaring metric variables
2025-12-04 23:56:27,100:INFO:Importing untrained model
2025-12-04 23:56:27,103:INFO:Dummy Regressor Imported successfully
2025-12-04 23:56:27,109:INFO:Starting cross validation
2025-12-04 23:56:27,110:INFO:Cross validating with KFold(n_splits=10, random_state=None, shuffle=False), n_jobs=-1
2025-12-04 23:56:27,225:INFO:Calculating mean and std
2025-12-04 23:56:27,226:INFO:Creating metrics dataframe
2025-12-04 23:56:27,227:INFO:Uploading results into container
2025-12-04 23:56:27,228:INFO:Uploading model into container now
2025-12-04 23:56:27,229:INFO:_master_model_container: 18
2025-12-04 23:56:27,229:INFO:_display_container: 2
2025-12-04 23:56:27,229:INFO:DummyRegressor()
2025-12-04 23:56:27,229:INFO:create_model() successfully completed......................................
2025-12-04 23:56:27,311:INFO:SubProcess create_model() end ==================================
2025-12-04 23:56:27,311:INFO:Creating metrics dataframe
2025-12-04 23:56:27,318:WARNING:/Users/gabrielmatsan/Documents/CESUPA/ml/venv/lib/python3.11/site-packages/pycaret/internal/pycaret_experiment/supervised_experiment.py:339: FutureWarning: Styler.applymap has been deprecated. Use Styler.map instead.
  .applymap(highlight_cols, subset=["TT (Sec)"])

2025-12-04 23:56:27,321:INFO:Initializing create_model()
2025-12-04 23:56:27,322:INFO:create_model(self=<pycaret.regression.oop.RegressionExperiment object at 0x1493b66d0>, estimator=RandomForestRegressor(n_jobs=-1, random_state=42), fold=KFold(n_splits=10, random_state=None, shuffle=False), round=4, cross_validation=False, predict=False, fit_kwargs={}, groups=None, refit=True, probability_threshold=None, experiment_custom_tags=None, verbose=False, system=False, add_to_model_list=True, metrics=None, display=None, model_only=True, return_train_score=False, error_score=0.0, kwargs={})
2025-12-04 23:56:27,322:INFO:Checking exceptions
2025-12-04 23:56:27,323:INFO:Importing libraries
2025-12-04 23:56:27,324:INFO:Copying training dataset
2025-12-04 23:56:27,343:INFO:Defining folds
2025-12-04 23:56:27,343:INFO:Declaring metric variables
2025-12-04 23:56:27,343:INFO:Importing untrained model
2025-12-04 23:56:27,343:INFO:Declaring custom model
2025-12-04 23:56:27,343:INFO:Random Forest Regressor Imported successfully
2025-12-04 23:56:27,343:INFO:Cross validation set to False
2025-12-04 23:56:27,344:INFO:Fitting Model
2025-12-04 23:56:36,831:INFO:RandomForestRegressor(n_jobs=-1, random_state=42)
2025-12-04 23:56:36,831:INFO:create_model() successfully completed......................................
2025-12-04 23:56:36,925:INFO:_master_model_container: 18
2025-12-04 23:56:36,925:INFO:_display_container: 2
2025-12-04 23:56:36,925:INFO:RandomForestRegressor(n_jobs=-1, random_state=42)
2025-12-04 23:56:36,925:INFO:compare_models() successfully completed......................................
2025-12-05 00:03:57,749:INFO:Initializing tune_model()
2025-12-05 00:03:57,750:INFO:tune_model(self=<pycaret.regression.oop.RegressionExperiment object at 0x1493b66d0>, estimator=RandomForestRegressor(n_jobs=-1, random_state=42), fold=None, round=4, n_iter=10, custom_grid=None, optimize=R2, custom_scorer=None, search_library=scikit-learn, search_algorithm=None, early_stopping=False, early_stopping_max_iters=10, choose_better=True, fit_kwargs=None, groups=None, return_tuner=False, verbose=True, tuner_verbose=True, return_train_score=False, kwargs={})
2025-12-05 00:03:57,750:INFO:Checking exceptions
2025-12-05 00:03:57,801:INFO:Copying training dataset
2025-12-05 00:03:57,811:INFO:Checking base model
2025-12-05 00:03:57,811:INFO:Base model : Random Forest Regressor
2025-12-05 00:03:57,815:INFO:Declaring metric variables
2025-12-05 00:03:57,817:INFO:Defining Hyperparameters
2025-12-05 00:03:57,891:INFO:Tuning with n_jobs=-1
2025-12-05 00:03:57,891:INFO:Initializing RandomizedSearchCV
2025-12-05 01:53:46,311:INFO:best_params: {'actual_estimator__n_estimators': 30, 'actual_estimator__min_samples_split': 7, 'actual_estimator__min_samples_leaf': 3, 'actual_estimator__min_impurity_decrease': 0.0001, 'actual_estimator__max_features': 'log2', 'actual_estimator__max_depth': 11, 'actual_estimator__criterion': 'squared_error', 'actual_estimator__bootstrap': False}
2025-12-05 01:53:46,313:INFO:Hyperparameter search completed
2025-12-05 01:53:46,314:INFO:SubProcess create_model() called ==================================
2025-12-05 01:53:46,315:INFO:Initializing create_model()
2025-12-05 01:53:46,315:INFO:create_model(self=<pycaret.regression.oop.RegressionExperiment object at 0x1493b66d0>, estimator=RandomForestRegressor(n_jobs=-1, random_state=42), fold=KFold(n_splits=10, random_state=None, shuffle=False), round=4, cross_validation=True, predict=True, fit_kwargs={}, groups=None, refit=True, probability_threshold=None, experiment_custom_tags=None, verbose=True, system=False, add_to_model_list=True, metrics=None, display=<pycaret.internal.display.display.CommonDisplay object at 0x149313b90>, model_only=True, return_train_score=False, error_score=0.0, kwargs={'n_estimators': 30, 'min_samples_split': 7, 'min_samples_leaf': 3, 'min_impurity_decrease': 0.0001, 'max_features': 'log2', 'max_depth': 11, 'criterion': 'squared_error', 'bootstrap': False})
2025-12-05 01:53:46,315:INFO:Checking exceptions
2025-12-05 01:53:46,315:INFO:Importing libraries
2025-12-05 01:53:46,315:INFO:Copying training dataset
2025-12-05 01:53:46,330:INFO:Defining folds
2025-12-05 01:53:46,330:INFO:Declaring metric variables
2025-12-05 01:53:46,333:INFO:Importing untrained model
2025-12-05 01:53:46,334:INFO:Declaring custom model
2025-12-05 01:53:46,335:INFO:Random Forest Regressor Imported successfully
2025-12-05 01:53:46,337:INFO:Starting cross validation
2025-12-05 01:53:46,337:INFO:Cross validating with KFold(n_splits=10, random_state=None, shuffle=False), n_jobs=-1
2025-12-05 01:53:50,745:INFO:Calculating mean and std
2025-12-05 01:53:50,746:INFO:Creating metrics dataframe
2025-12-05 01:53:50,749:INFO:Finalizing model
2025-12-05 01:53:51,332:INFO:Uploading results into container
2025-12-05 01:53:51,333:INFO:Uploading model into container now
2025-12-05 01:53:51,333:INFO:_master_model_container: 19
2025-12-05 01:53:51,333:INFO:_display_container: 3
2025-12-05 01:53:51,334:INFO:RandomForestRegressor(bootstrap=False, max_depth=11, max_features='log2',
                      min_impurity_decrease=0.0001, min_samples_leaf=3,
                      min_samples_split=7, n_estimators=30, n_jobs=-1,
                      random_state=42)
2025-12-05 01:53:51,334:INFO:create_model() successfully completed......................................
2025-12-05 01:53:51,478:INFO:SubProcess create_model() end ==================================
2025-12-05 01:53:51,478:INFO:choose_better activated
2025-12-05 01:53:51,479:INFO:SubProcess create_model() called ==================================
2025-12-05 01:53:51,480:INFO:Initializing create_model()
2025-12-05 01:53:51,480:INFO:create_model(self=<pycaret.regression.oop.RegressionExperiment object at 0x1493b66d0>, estimator=RandomForestRegressor(n_jobs=-1, random_state=42), fold=KFold(n_splits=10, random_state=None, shuffle=False), round=4, cross_validation=True, predict=True, fit_kwargs={}, groups=None, refit=True, probability_threshold=None, experiment_custom_tags=None, verbose=False, system=False, add_to_model_list=True, metrics=None, display=None, model_only=True, return_train_score=False, error_score=0.0, kwargs={})
2025-12-05 01:53:51,480:INFO:Checking exceptions
2025-12-05 01:53:51,480:INFO:Importing libraries
2025-12-05 01:53:51,480:INFO:Copying training dataset
2025-12-05 01:53:51,492:INFO:Defining folds
2025-12-05 01:53:51,492:INFO:Declaring metric variables
2025-12-05 01:53:51,492:INFO:Importing untrained model
2025-12-05 01:53:51,492:INFO:Declaring custom model
2025-12-05 01:53:51,493:INFO:Random Forest Regressor Imported successfully
2025-12-05 01:53:51,493:INFO:Starting cross validation
2025-12-05 01:53:51,493:INFO:Cross validating with KFold(n_splits=10, random_state=None, shuffle=False), n_jobs=-1
2025-12-05 01:54:56,750:INFO:Calculating mean and std
2025-12-05 01:54:56,750:INFO:Creating metrics dataframe
2025-12-05 01:54:56,753:INFO:Finalizing model
2025-12-05 01:55:05,790:INFO:Uploading results into container
2025-12-05 01:55:05,791:INFO:Uploading model into container now
2025-12-05 01:55:05,791:INFO:_master_model_container: 20
2025-12-05 01:55:05,791:INFO:_display_container: 4
2025-12-05 01:55:05,791:INFO:RandomForestRegressor(n_jobs=-1, random_state=42)
2025-12-05 01:55:05,791:INFO:create_model() successfully completed......................................
2025-12-05 01:55:05,909:INFO:SubProcess create_model() end ==================================
2025-12-05 01:55:05,917:INFO:RandomForestRegressor(n_jobs=-1, random_state=42) result for R2 is 0.4375
2025-12-05 01:55:05,917:INFO:RandomForestRegressor(bootstrap=False, max_depth=11, max_features='log2',
                      min_impurity_decrease=0.0001, min_samples_leaf=3,
                      min_samples_split=7, n_estimators=30, n_jobs=-1,
                      random_state=42) result for R2 is 0.3276
2025-12-05 01:55:05,917:INFO:RandomForestRegressor(n_jobs=-1, random_state=42) is best model
2025-12-05 01:55:05,917:INFO:choose_better completed
2025-12-05 01:55:05,917:INFO:Original model was better than the tuned model, hence it will be returned. NOTE: The display metrics are for the tuned model (not the original one).
2025-12-05 01:55:05,925:INFO:_master_model_container: 20
2025-12-05 01:55:05,926:INFO:_display_container: 3
2025-12-05 01:55:05,926:INFO:RandomForestRegressor(n_jobs=-1, random_state=42)
2025-12-05 01:55:05,926:INFO:tune_model() successfully completed......................................
2025-12-07 10:38:15,646:WARNING:
'cuml' is a soft dependency and not included in the pycaret installation. Please run: `pip install cuml` to install.
2025-12-07 10:38:15,647:WARNING:
'cuml' is a soft dependency and not included in the pycaret installation. Please run: `pip install cuml` to install.
2025-12-07 10:38:15,647:WARNING:
'cuml' is a soft dependency and not included in the pycaret installation. Please run: `pip install cuml` to install.
2025-12-07 10:38:15,647:WARNING:
'cuml' is a soft dependency and not included in the pycaret installation. Please run: `pip install cuml` to install.
2025-12-07 11:27:38,680:WARNING:/Users/gabrielmatsan/Documents/CESUPA/ml/venv/lib/python3.11/site-packages/joblib/externals/loky/process_executor.py:752: UserWarning: A worker stopped while some jobs were given to the executor. This can be caused by a too short worker timeout or by a memory leak.
  warnings.warn(

